<?xml version="1.0" encoding="UTF-8"?>
<!-- Generated by org.testng.reporters.JUnitXMLReporter -->
<testsuite ignored="6" hostname="DESKTOP-OTKB4FC" failures="0" tests="0" time="0.012" errors="0" timestamp="2022-10-19T17:12:14 IST">
  <testcase classname="com.OrangeHRMAutomation.QA.TestCases.GropingTestMethods" name="Player5" time="0.0">
    <ignored/>
  </testcase> <!-- Player5 -->
  <testcase classname="com.OrangeHRMAutomation.QA.TestCases.GropingTestMethods" name="Player3" time="0.0">
    <ignored/>
  </testcase> <!-- Player3 -->
  <testcase classname="com.OrangeHRMAutomation.QA.TestCases.GropingTestMethods" name="Player6" time="0.0">
    <ignored/>
  </testcase> <!-- Player6 -->
  <testcase classname="com.OrangeHRMAutomation.QA.TestCases.GropingTestMethods" name="Player1" time="0.0">
    <ignored/>
  </testcase> <!-- Player1 -->
  <testcase classname="com.OrangeHRMAutomation.QA.TestCases.GropingTestMethods" name="Player4" time="0.0">
    <ignored/>
  </testcase> <!-- Player4 -->
  <testcase classname="com.OrangeHRMAutomation.QA.TestCases.GropingTestMethods" name="Player2" time="0.0">
    <ignored/>
  </testcase> <!-- Player2 -->
</testsuite>
