<?xml version="1.0" encoding="UTF-8"?>
<!-- Generated by org.testng.reporters.JUnitXMLReporter -->
<testsuite ignored="0" hostname="DESKTOP-OTKB4FC" failures="0" tests="6" name="GRP-Cricket player" time="0.172" errors="0" timestamp="2022-10-19T16:29:36 IST">
  <testcase classname="com.OrangeHRMAutomation.QA.TestCases.GropingTestMethods" name="Player1" time="0.022"/>
  <testcase classname="com.OrangeHRMAutomation.QA.TestCases.GropingTestMethods" name="Player2" time="0.009"/>
  <testcase classname="com.OrangeHRMAutomation.QA.TestCases.GropingTestMethods" name="Player3" time="0.01"/>
  <testcase classname="com.OrangeHRMAutomation.QA.TestCases.GropingTestMethods" name="Player5" time="0.005"/>
  <testcase classname="com.OrangeHRMAutomation.QA.TestCases.GropingTestMethods" name="Player4" time="0.002"/>
  <testcase classname="com.OrangeHRMAutomation.QA.TestCases.GropingTestMethods" name="Player6" time="0.004"/>
</testsuite> <!-- GRP-Cricket player -->
