<?xml version="1.0" encoding="UTF-8"?>
<!-- Generated by org.testng.reporters.JUnitXMLReporter -->
<testsuite ignored="44" hostname="DESKTOP-OTKB4FC" failures="0" tests="6" name="GRP-exclude-group,Cricket player" time="0.095" errors="0" timestamp="2022-10-19T19:10:21 IST">
  <testcase classname="com.OrangeHRMAutomation.QA.TestCases.GropingTestMethods" name="Player1" time="0.014"/>
  <testcase classname="com.OrangeHRMAutomation.QA.TestCases.GropingTestMethods" name="Player6" time="0.002"/>
  <testcase classname="com.OrangeHRMAutomation.QA.TestCases.GropingTestMethods" name="Player2" time="0.003"/>
  <testcase classname="com.OrangeHRMAutomation.QA.TestCases.GropingTestMethods" name="Player3" time="0.002"/>
  <testcase classname="com.OrangeHRMAutomation.QA.TestCases.GropingTestMethods" name="Player5" time="0.004"/>
  <testcase classname="com.OrangeHRMAutomation.QA.TestCases.GropingTestMethods" name="Player4" time="0.006"/>
  <testcase classname="com.OrangeHRMAutomation.QA.TestCases.CheckBoxChecking" name="assertTrue" time="0.0">
    <ignored/>
  </testcase> <!-- assertTrue -->
  <testcase classname="com.OrangeHRMAutomation.QA.TestCases.DtaProviderexp2" name="userDataProvider" time="0.0">
    <ignored/>
  </testcase> <!-- userDataProvider -->
  <testcase classname="com.OrangeHRMAutomation.QA.TestCases.OpenApplication" name="LunchAPP" time="0.0">
    <ignored/>
  </testcase> <!-- LunchAPP -->
  <testcase classname="com.OrangeHRMAutomation.QA.TestCases.WorkingWithWebTableExp1" name="LunchApp" time="0.0">
    <ignored/>
  </testcase> <!-- LunchApp -->
  <testcase classname="com.OrangeHRMAutomation.QA.TestCases.CricBuzzScorDhawan" name="DhawanScor" time="0.0">
    <ignored/>
  </testcase> <!-- DhawanScor -->
  <testcase classname="com.OrangeHRMAutomation.QA.TestCases.LaunchApplication" name="launchapp" time="0.0">
    <ignored/>
  </testcase> <!-- launchapp -->
  <testcase classname="com.OrangeHRMAutomation.QA.TestCases.LaunchApplication" name="screenshot" time="0.0">
    <ignored/>
  </testcase> <!-- screenshot -->
  <testcase classname="com.OrangeHRMAutomation.QA.TestCases.BrowseStackExmple" name="LunchAPP" time="0.0">
    <ignored/>
  </testcase> <!-- LunchAPP -->
  <testcase classname="com.OrangeHRMAutomation.QA.TestCases.MyInfoPersonalDetails" name="verifyPersonalDetailsByDefaultUnEditable" time="0.0">
    <ignored/>
  </testcase> <!-- verifyPersonalDetailsByDefaultUnEditable -->
  <testcase classname="com.OrangeHRMAutomation.QA.TestCases.WorkingWithActionExmpl1" name="LoginFaceBook" time="0.0">
    <ignored/>
  </testcase> <!-- LoginFaceBook -->
  <testcase classname="com.OrangeHRMAutomation.QA.TestCases.DataProvederExp2" name="datauser" time="0.0">
    <ignored/>
  </testcase> <!-- datauser -->
  <testcase classname="com.OrangeHRMAutomation.QA.TestCases.OpenApplication" name="login" time="0.0">
    <ignored/>
  </testcase> <!-- login -->
  <testcase classname="com.OrangeHRMAutomation.QA.TestCases.WorkingWithFrameExmp1" name="getAccessToFrameByXpath" time="0.0">
    <ignored/>
  </testcase> <!-- getAccessToFrameByXpath -->
  <testcase classname="com.OrangeHRMAutomation.QA.TestCases.LaunchApplication" name="logout" time="0.0">
    <ignored/>
  </testcase> <!-- logout -->
  <testcase classname="com.OrangeHRMAutomation.QA.BaseClass.BaseClass2" name="InitializMethod" time="0.0">
    <ignored/>
  </testcase> <!-- InitializMethod -->
  <testcase classname="com.OrangeHRMAutomation.QA.BaseClass.BaseClass2" name="InitializMethod" time="0.0">
    <ignored/>
  </testcase> <!-- InitializMethod -->
  <testcase classname="com.OrangeHRMAutomation.QA.BaseClass.BaseClass2" name="InitializMethod" time="0.0">
    <ignored/>
  </testcase> <!-- InitializMethod -->
  <testcase classname="com.OrangeHRMAutomation.QA.BaseClass.BaseClass2" name="InitializMethod" time="0.0">
    <ignored/>
  </testcase> <!-- InitializMethod -->
  <testcase classname="com.OrangeHRMAutomation.QA.BaseClass.BaseClass2" name="InitializMethod" time="0.0">
    <ignored/>
  </testcase> <!-- InitializMethod -->
  <testcase classname="com.OrangeHRMAutomation.QA.BaseClass.BaseClass2" name="InitializMethod" time="0.0">
    <ignored/>
  </testcase> <!-- InitializMethod -->
  <testcase classname="com.OrangeHRMAutomation.QA.BaseClass.BaseClass2" name="InitializMethod" time="0.0">
    <ignored/>
  </testcase> <!-- InitializMethod -->
  <testcase classname="com.OrangeHRMAutomation.QA.TestCases.DataProviderExm1" name="logInPage" time="0.0">
    <ignored/>
  </testcase> <!-- logInPage -->
  <testcase classname="com.OrangeHRMAutomation.QA.TestCases.SimplTestNG" name="ExceuteTest1" time="0.0">
    <ignored/>
  </testcase> <!-- ExceuteTest1 -->
  <testcase classname="com.OrangeHRMAutomation.QA.TestCases.WorkingWithFrameExmp1" name="FindFramesCount" time="0.0">
    <ignored/>
  </testcase> <!-- FindFramesCount -->
  <testcase classname="com.OrangeHRMAutomation.QA.TestCases.WorkingWithActionExmpl1" name="LunchApplication" time="0.0">
    <ignored/>
  </testcase> <!-- LunchApplication -->
  <testcase classname="com.OrangeHRMAutomation.QA.TestCases.WorkingWithWebTableExp1" name="webtablesGetNumberOfRows" time="0.0">
    <ignored/>
  </testcase> <!-- webtablesGetNumberOfRows -->
  <testcase classname="com.OrangeHRMAutomation.QA.TestCases.D0ubleClick" name="f" time="0.0">
    <ignored/>
  </testcase> <!-- f -->
  <testcase classname="com.OrangeHRMAutomation.QA.TestCases.BrowseStackExmple" name="ProductAccess" time="0.0">
    <ignored/>
  </testcase> <!-- ProductAccess -->
  <testcase classname="com.OrangeHRMAutomation.QA.TestCases.CricBuzzTable" name="LaunchWebTable" time="0.0">
    <ignored/>
  </testcase> <!-- LaunchWebTable -->
  <testcase classname="com.OrangeHRMAutomation.QA.TestCases.WorkingWithFrameExmp1" name="LunchApplication" time="0.0">
    <ignored/>
  </testcase> <!-- LunchApplication -->
  <testcase classname="com.OrangeHRMAutomation.QA.TestCases.CricBuzzScorDhawan" name="LunchApp" time="0.0">
    <ignored/>
  </testcase> <!-- LunchApp -->
  <testcase classname="com.OrangeHRMAutomation.QA.TestCases.CricBuzzTable" name="xpathAccess" time="0.0">
    <ignored/>
  </testcase> <!-- xpathAccess -->
  <testcase classname="com.OrangeHRMAutomation.QA.TestCases.WorkingWithFrameExmp1" name="GetAccessToframesByIndex" time="0.0">
    <ignored/>
  </testcase> <!-- GetAccessToframesByIndex -->
  <testcase classname="com.OrangeHRMAutomation.QA.TestCases.NavigateTo" name="NavigateTo" time="0.0">
    <ignored/>
  </testcase> <!-- NavigateTo -->
  <testcase classname="com.OrangeHRMAutomation.QA.TestCases.LaunchApplication" name="loginApplication" time="0.0">
    <ignored/>
  </testcase> <!-- loginApplication -->
  <testcase classname="com.OrangeHRMAutomation.QA.TestCases.WorkingWithAlertsPopupsExmpl" name="LunchApplication" time="0.0">
    <ignored/>
  </testcase> <!-- LunchApplication -->
  <testcase classname="com.OrangeHRMAutomation.QA.TestCases.WorkingWithFrameExmp1" name="GetAccessToFramesByIndexID" time="0.0">
    <ignored/>
  </testcase> <!-- GetAccessToFramesByIndexID -->
  <testcase classname="com.OrangeHRMAutomation.QA.TestCases.WorkingWithWebTableExp1" name="webtableGetNumberOfColumnsInARow" time="0.0">
    <ignored/>
  </testcase> <!-- webtableGetNumberOfColumnsInARow -->
  <testcase classname="com.OrangeHRMAutomation.QA.TestCases.CricBuzzTable" name="xpathAccessMain" time="0.0">
    <ignored/>
  </testcase> <!-- xpathAccessMain -->
  <testcase classname="com.OrangeHRMAutomation.QA.BaseClass.BaseClass1" name="initilize" time="0.0">
    <ignored/>
  </testcase> <!-- initilize -->
  <testcase classname="com.OrangeHRMAutomation.QA.BaseClass.BaseClass1" name="initilize" time="0.0">
    <ignored/>
  </testcase> <!-- initilize -->
  <testcase classname="com.OrangeHRMAutomation.QA.TestCases.LaunchApplication" name="homepage" time="0.0">
    <ignored/>
  </testcase> <!-- homepage -->
  <testcase classname="com.OrangeHRMAutomation.QA.TestCases.D0ubleClick" name="AlertsClass" time="0.0">
    <ignored/>
  </testcase> <!-- AlertsClass -->
  <testcase classname="com.OrangeHRMAutomation.QA.TestCases.WorkingWithAlertsPopupsExmpl" name="HandleAlert" time="0.0">
    <ignored/>
  </testcase> <!-- HandleAlert -->
</testsuite> <!-- GRP-exclude-group,Cricket player -->
