<?xml version="1.0" encoding="UTF-8"?>
<testng-results ignored="0" total="1" passed="1" failed="0" skipped="0">
  <reporter-output>
  </reporter-output>
  <suite started-at="2024-01-30T10:41:54 IST" name="Default suite" finished-at="2024-01-30T10:42:40 IST" duration-ms="45723">
    <groups>
    </groups>
    <test started-at="2024-01-30T10:41:54 IST" name="Default test" finished-at="2024-01-30T10:42:40 IST" duration-ms="45723">
      <class name="com.OrangeHRMAutomation.QA.TestCases.SimpleTest">
        <test-method signature="BroweserLunch()[pri:0, instance:com.OrangeHRMAutomation.QA.TestCases.SimpleTest@145f66e3]" started-at="2024-01-30T10:41:54 IST" name="BroweserLunch" finished-at="2024-01-30T10:42:40 IST" duration-ms="45674" status="PASS">
          <reporter-output>
          </reporter-output>
        </test-method> <!-- BroweserLunch -->
      </class> <!-- com.OrangeHRMAutomation.QA.TestCases.SimpleTest -->
    </test> <!-- Default test -->
  </suite> <!-- Default suite -->
</testng-results>
